[INFO  - 2017-12-07T09:47:29.813Z] GhostDriver - Main - running on port 64046
[INFO  - 2017-12-07T09:47:32.841Z] Session [a5ba6240-db33-11e7-bc62-6d84bb99f441] - page.settings - {"XSSAuditingEnabled":false,"javascriptCanCloseWindows":true,"javascriptCanOpenWindows":true,"javascriptEnabled":true,"loadImages":true,"localToRemoteUrlAccessEnabled":false,"userAgent":"Mozilla/5.0 (Windows NT 6.2; WOW64) AppleWebKit/538.1 (KHTML, like Gecko) PhantomJS/2.1.1 Safari/538.1","webSecurityEnabled":true}
[INFO  - 2017-12-07T09:47:32.842Z] Session [a5ba6240-db33-11e7-bc62-6d84bb99f441] - page.customHeaders:  - {}
[INFO  - 2017-12-07T09:47:32.842Z] Session [a5ba6240-db33-11e7-bc62-6d84bb99f441] - Session.negotiatedCapabilities - {"browserName":"phantomjs","version":"2.1.1","driverName":"ghostdriver","driverVersion":"1.2.0","platform":"windows-10-32bit","javascriptEnabled":true,"takesScreenshot":true,"handlesAlerts":false,"databaseEnabled":false,"locationContextEnabled":false,"applicationCacheEnabled":false,"browserConnectionEnabled":false,"cssSelectorsEnabled":true,"webStorageEnabled":false,"rotatable":false,"acceptSslCerts":false,"nativeEvents":true,"proxy":{"proxyType":"direct"}}
[INFO  - 2017-12-07T09:47:32.842Z] SessionManagerReqHand - _postNewSessionCommand - New Session Created: a5ba6240-db33-11e7-bc62-6d84bb99f441
[ERROR - 2017-12-07T09:47:51.139Z] WebElementLocator - _handleLocateCommand - Element(s) NOT Found: GAVE UP. Search Stop Time: 1512640071134

  phantomjs://platform/console++.js:263 in error
[ERROR - 2017-12-07T09:47:43.968Z] Session [a57e91c0-db33-11e7-addd-5b1d267fccef] - page.onError - msg: [object Object]

  phantomjs://platform/console++.js:263 in error
[ERROR - 2017-12-07T09:47:43.969Z] Session [a57e91c0-db33-11e7-addd-5b1d267fccef] - page.onError - stack:
  apply (:0)

  phantomjs://platform/console++.js:263 in error
[ERROR - 2017-12-07T09:47:44.141Z] Session [a57e91c0-db33-11e7-addd-5b1d267fccef] - page.onError - msg: [object Object]

  phantomjs://platform/console++.js:263 in error
[ERROR - 2017-12-07T09:47:44.143Z] Session [a57e91c0-db33-11e7-addd-5b1d267fccef] - page.onError - stack:
  apply (:0)

  phantomjs://platform/console++.js:263 in error
[ERROR - 2017-12-07T09:47:44.144Z] Session [a57e91c0-db33-11e7-addd-5b1d267fccef] - page.onError - msg: [object Object]

  phantomjs://platform/console++.js:263 in error
[ERROR - 2017-12-07T09:47:44.145Z] Session [a57e91c0-db33-11e7-addd-5b1d267fccef] - page.onError - stack:
  apply (:0)

  phantomjs://platform/console++.js:263 in error
9:47:42.733Z] Session [a5620910-db33-11e7-b02d-d174565bcf50] - page.onError - stack:
  apply (:0)

  phantomjs://platform/console++.js:263 in error
[ERROR - 2017-12-07T09:47:44.001Z] WebElementLocator - _handleLocateCommand - Element(s) NOT Found: GAVE UP. Search Stop Time: 1512640063949

  phantomjs://platform/console++.js:263 in error
[ERROR - 2017-12-07T09:47:45.148Z] Session [a5620910-db33-11e7-b02d-d174565bcf50] - page.onError - msg: [object Object]

  phantomjs://platform/console++.js:263 in error
[ERROR - 2017-12-07T09:47:45.148Z] Session [a5620910-db33-11e7-b02d-d174565bcf50] - page.onError - stack:
  apply (:0)

  phantomjs://platform/console++.js:263 in error
[ERROR - 2017-12-07T09:47:45.149Z] Session [a5620910-db33-11e7-b02d-d174565bcf50] - page.onError - msg: [object Object]

  phantomjs://platform/console++.js:263 in error
[ERROR - 2017-12-07T09:47:45.149Z] Session [a5620910-db33-11e7-b02d-d174565bcf50] - page.onError - stack:
  apply (:0)

  phantomjs://platform/console++.js:263 in error
